<?xml version="1.0" encoding="UTF-8"?>
<!-- Generated by org.testng.reporters.JUnitXMLReporter -->
<testsuite ignored="0" hostname="trinesis-pc19" failures="1" tests="1" name="GDR tEST" time="19.758" errors="0" timestamp="18 Nov 2019 05:56:47 GMT">
  <testcase classname="com.GDR.Clients" name="@AfterMethod tearDown" time="0.001">
    <failure type="java.lang.NullPointerException">
      <![CDATA[java.lang.NullPointerException
at com.GDR.Clients.tearDown(Clients.java:60)
... Removed 28 stack frames]]>
    </failure>
  </testcase> <!-- @AfterMethod tearDown -->
  <testcase classname="com.GDR.Clients" name="ManageGeneric" time="0.011">
    <failure type="java.lang.NullPointerException">
      <![CDATA[java.lang.NullPointerException
at com.GDR.Clients.ManageGeneric(Clients.java:52)
... Removed 25 stack frames]]>
    </failure>
  </testcase> <!-- ManageGeneric -->
</testsuite> <!-- GDR tEST -->
